<?xml version="1.0" encoding="UTF-8"?>
<testng-results ignored="0" total="1" passed="1" failed="0" skipped="0">
  <reporter-output>
  </reporter-output>
  <suite started-at="2023-05-02T12:04:12 IST" name="Suite" finished-at="2023-05-02T12:04:33 IST" duration-ms="20602">
    <groups>
    </groups>
    <test started-at="2023-05-02T12:04:12 IST" name="Test" finished-at="2023-05-02T12:04:33 IST" duration-ms="20602">
      <class name="ShankarG.eucs508.test4">
        <test-method is-config="true" signature="beforeMethod(java.lang.String)[pri:0, instance:ShankarG.eucs508.test4@3e58a80e]" started-at="2023-05-02T12:04:12 IST" name="beforeMethod" finished-at="2023-05-02T12:04:30 IST" duration-ms="17826" status="PASS">
          <params>
            <param index="0">
              <value>
                <![CDATA[edge]]>
              </value>
            </param>
          </params>
          <reporter-output>
          </reporter-output>
        </test-method> <!-- beforeMethod -->
        <test-method signature="f()[pri:0, instance:ShankarG.eucs508.test4@3e58a80e]" started-at="2023-05-02T12:04:30 IST" name="f" finished-at="2023-05-02T12:04:33 IST" duration-ms="2743" status="PASS">
          <reporter-output>
          </reporter-output>
        </test-method> <!-- f -->
        <test-method is-config="true" signature="afterTest()[pri:0, instance:ShankarG.eucs508.test4@3e58a80e]" started-at="2023-05-02T12:04:33 IST" name="afterTest" finished-at="2023-05-02T12:04:33 IST" duration-ms="0" status="PASS">
          <reporter-output>
          </reporter-output>
        </test-method> <!-- afterTest -->
      </class> <!-- ShankarG.eucs508.test4 -->
    </test> <!-- Test -->
  </suite> <!-- Suite -->
</testng-results>
